DB initialized.
Scheduled mode — running every 5 minute(s). Ctrl+C to stop.
Fetching pending contacts from HubSpot…
  Found 0 contact(s) to process.
Writing 0 update(s) to HubSpot…
Run complete: {'processed': 0, 'complete': 0, 'failed': 0, 'skipped': 0}
Sleeping 5m until next run…
Fetching pending contacts from HubSpot…
  Found 0 contact(s) to process.
Writing 0 update(s) to HubSpot…
Run complete: {'processed': 0, 'complete': 0, 'failed': 0, 'skipped': 0}
Sleeping 5m until next run…
Fetching pending contacts from HubSpot…
  Found 0 contact(s) to process.
Writing 0 update(s) to HubSpot…
Run complete: {'processed': 0, 'complete': 0, 'failed': 0, 'skipped': 0}
Sleeping 5m until next run…
Fetching pending contacts from HubSpot…
  Found 0 contact(s) to process.
Writing 0 update(s) to HubSpot…
Run complete: {'processed': 0, 'complete': 0, 'failed': 0, 'skipped': 0}
Sleeping 5m until next run…
Fetching pending contacts from HubSpot…
  Found 0 contact(s) to process.
Writing 0 update(s) to HubSpot…
Run complete: {'processed': 0, 'complete': 0, 'failed': 0, 'skipped': 0}
Sleeping 5m until next run…
Fetching pending contacts from HubSpot…
  Found 0 contact(s) to process.
Writing 0 update(s) to HubSpot…
Run complete: {'processed': 0, 'complete': 0, 'failed': 0, 'skipped': 0}
Sleeping 5m until next run…
Fetching pending contacts from HubSpot…
  Found 0 contact(s) to process.
Writing 0 update(s) to HubSpot…
Run complete: {'processed': 0, 'complete': 0, 'failed': 0, 'skipped': 0}
Sleeping 5m until next run…
Fetching pending contacts from HubSpot…
  Found 60 contact(s) to process.
  OK   446533924551 | cti.programs@cisa.dhs.gov | score=35 tier=Cool
  OK   446598068961 | cyber.intel@fincen.gov | score=35 tier=Cool
  OK   446534191829 | cyber.division@fbi.gov | score=35 tier=Cool
  OK   446353408706 | financial.crimes@usss.dhs.gov | score=23 tier=Cold
  OK   446491436783 | ciso@frtib.gov | score=14 tier=Cold
  OK   446534191840 | ciso@opm.gov | score=14 tier=Cold
  OK   446522872525 | deputy.ciso@ssa.gov | score=14 tier=Cold
  OK   446554257092 | threat.intel@va.gov | score=35 tier=Cool
  OK   446604534497 | ciso@cms.hhs.gov | score=14 tier=Cold
  OK   446609158865 | cyber.threat@state.gov | score=35 tier=Cool
  OK   446448924390 | j2.intel@cybercom.mil | score=35 tier=Cool
  OK   446564187849 | threat.intel.pm@dia.mil | score=27 tier=Cool
  OK   446560793326 | tech.director@nsa.gov | score=35 tier=Cool
  OK   446525107961 | cyber.ciso@bah.com | score=14 tier=Cold
  OK   446531781353 | cyber.cto@bah.com | score=35 tier=Cool
  OK   446549488374 | cyber.director@saic.com | score=35 tier=Cool
  OK   446554454751 | cyber.vp@leidos.com | score=32 tier=Cool
  OK   446491437816 | intel.director@caci.com | score=35 tier=Cool
  OK   446534192852 | cyber.lead@mantech.com | score=32 tier=Cool
  OK   446534192858 | advanced.solutions@peraton.com | score=35 tier=Cool
  OK   446554454767 | cyber.director@parsons.com | score=35 tier=Cool
  OK   446534192872 | cyber.vp@gdit.com | score=32 tier=Cool
  CAP  446353408756: Daily cap reached for hunter: 25/25 calls used today.
Writing 22 update(s) to HubSpot…
Run complete: {'processed': 23, 'complete': 22, 'failed': 0, 'skipped': 0}
Sleeping 5m until next run…
Fetching pending contacts from HubSpot…
  Found 46 contact(s) to process.
  CAP  446353408756: Daily cap reached for hunter: 25/25 calls used today.
Writing 0 update(s) to HubSpot…
Run complete: {'processed': 1, 'complete': 0, 'failed': 0, 'skipped': 0}
Sleeping 5m until next run…
Fetching pending contacts from HubSpot…
  Found 0 contact(s) to process.
Writing 0 update(s) to HubSpot…
Run complete: {'processed': 0, 'complete': 0, 'failed': 0, 'skipped': 0}
Sleeping 5m until next run…
Fetching pending contacts from HubSpot…
  Found 0 contact(s) to process.
Writing 0 update(s) to HubSpot…
Run complete: {'processed': 0, 'complete': 0, 'failed': 0, 'skipped': 0}
Sleeping 5m until next run…
Fetching pending contacts from HubSpot…
  Found 0 contact(s) to process.
Writing 0 update(s) to HubSpot…
Run complete: {'processed': 0, 'complete': 0, 'failed': 0, 'skipped': 0}
Sleeping 5m until next run…
Fetching pending contacts from HubSpot…
  Found 0 contact(s) to process.
Writing 0 update(s) to HubSpot…
Run complete: {'processed': 0, 'complete': 0, 'failed': 0, 'skipped': 0}
Sleeping 5m until next run…
Fetching pending contacts from HubSpot…
  Found 0 contact(s) to process.
Writing 0 update(s) to HubSpot…
Run complete: {'processed': 0, 'complete': 0, 'failed': 0, 'skipped': 0}
Sleeping 5m until next run…
Fetching pending contacts from HubSpot…
  Found 0 contact(s) to process.
Writing 0 update(s) to HubSpot…
Run complete: {'processed': 0, 'complete': 0, 'failed': 0, 'skipped': 0}
Sleeping 5m until next run…
Fetching pending contacts from HubSpot…
  Found 0 contact(s) to process.
Writing 0 update(s) to HubSpot…
Run complete: {'processed': 0, 'complete': 0, 'failed': 0, 'skipped': 0}
Sleeping 5m until next run…
Fetching pending contacts from HubSpot…
  Found 0 contact(s) to process.
Writing 0 update(s) to HubSpot…
Run complete: {'processed': 0, 'complete': 0, 'failed': 0, 'skipped': 0}
Sleeping 5m until next run…
Fetching pending contacts from HubSpot…
  Found 0 contact(s) to process.
Writing 0 update(s) to HubSpot…
Run complete: {'processed': 0, 'complete': 0, 'failed': 0, 'skipped': 0}
Sleeping 5m until next run…
Fetching pending contacts from HubSpot…
  Found 0 contact(s) to process.
Writing 0 update(s) to HubSpot…
Run complete: {'processed': 0, 'complete': 0, 'failed': 0, 'skipped': 0}
Sleeping 5m until next run…
Fetching pending contacts from HubSpot…
  Found 0 contact(s) to process.
Writing 0 update(s) to HubSpot…
Run complete: {'processed': 0, 'complete': 0, 'failed': 0, 'skipped': 0}
Sleeping 5m until next run…
Fetching pending contacts from HubSpot…
  Found 0 contact(s) to process.
Writing 0 update(s) to HubSpot…
Run complete: {'processed': 0, 'complete': 0, 'failed': 0, 'skipped': 0}
Sleeping 5m until next run…
Fetching pending contacts from HubSpot…
  Found 0 contact(s) to process.
Writing 0 update(s) to HubSpot…
Run complete: {'processed': 0, 'complete': 0, 'failed': 0, 'skipped': 0}
Sleeping 5m until next run…
Fetching pending contacts from HubSpot…
  Found 0 contact(s) to process.
Writing 0 update(s) to HubSpot…
Run complete: {'processed': 0, 'complete': 0, 'failed': 0, 'skipped': 0}
Sleeping 5m until next run…
Fetching pending contacts from HubSpot…
  Found 0 contact(s) to process.
Writing 0 update(s) to HubSpot…
Run complete: {'processed': 0, 'complete': 0, 'failed': 0, 'skipped': 0}
Sleeping 5m until next run…
Fetching pending contacts from HubSpot…
  Found 0 contact(s) to process.
Writing 0 update(s) to HubSpot…
Run complete: {'processed': 0, 'complete': 0, 'failed': 0, 'skipped': 0}
Sleeping 5m until next run…
Fetching pending contacts from HubSpot…
  Found 0 contact(s) to process.
Writing 0 update(s) to HubSpot…
Run complete: {'processed': 0, 'complete': 0, 'failed': 0, 'skipped': 0}
Sleeping 5m until next run…
Fetching pending contacts from HubSpot…
  Found 0 contact(s) to process.
Writing 0 update(s) to HubSpot…
Run complete: {'processed': 0, 'complete': 0, 'failed': 0, 'skipped': 0}
Sleeping 5m until next run…
Fetching pending contacts from HubSpot…
  Found 0 contact(s) to process.
Writing 0 update(s) to HubSpot…
Run complete: {'processed': 0, 'complete': 0, 'failed': 0, 'skipped': 0}
Sleeping 5m until next run…
Fetching pending contacts from HubSpot…
  Found 0 contact(s) to process.
Writing 0 update(s) to HubSpot…
Run complete: {'processed': 0, 'complete': 0, 'failed': 0, 'skipped': 0}
Sleeping 5m until next run…
Fetching pending contacts from HubSpot…
  Found 0 contact(s) to process.
Writing 0 update(s) to HubSpot…
Run complete: {'processed': 0, 'complete': 0, 'failed': 0, 'skipped': 0}
Sleeping 5m until next run…
Fetching pending contacts from HubSpot…
  Found 0 contact(s) to process.
Writing 0 update(s) to HubSpot…
Run complete: {'processed': 0, 'complete': 0, 'failed': 0, 'skipped': 0}
Sleeping 5m until next run…
Fetching pending contacts from HubSpot…
  Found 0 contact(s) to process.
Writing 0 update(s) to HubSpot…
Run complete: {'processed': 0, 'complete': 0, 'failed': 0, 'skipped': 0}
Sleeping 5m until next run…
Fetching pending contacts from HubSpot…
  Found 0 contact(s) to process.
Writing 0 update(s) to HubSpot…
Run complete: {'processed': 0, 'complete': 0, 'failed': 0, 'skipped': 0}
Sleeping 5m until next run…
Fetching pending contacts from HubSpot…
  Found 0 contact(s) to process.
Writing 0 update(s) to HubSpot…
Run complete: {'processed': 0, 'complete': 0, 'failed': 0, 'skipped': 0}
Sleeping 5m until next run…
Fetching pending contacts from HubSpot…
  Found 0 contact(s) to process.
Writing 0 update(s) to HubSpot…
Run complete: {'processed': 0, 'complete': 0, 'failed': 0, 'skipped': 0}
Sleeping 5m until next run…
Fetching pending contacts from HubSpot…
  Found 0 contact(s) to process.
Writing 0 update(s) to HubSpot…
Run complete: {'processed': 0, 'complete': 0, 'failed': 0, 'skipped': 0}
Sleeping 5m until next run…
Fetching pending contacts from HubSpot…
  Found 0 contact(s) to process.
Writing 0 update(s) to HubSpot…
Run complete: {'processed': 0, 'complete': 0, 'failed': 0, 'skipped': 0}
Sleeping 5m until next run…
Fetching pending contacts from HubSpot…
  Found 0 contact(s) to process.
Writing 0 update(s) to HubSpot…
Run complete: {'processed': 0, 'complete': 0, 'failed': 0, 'skipped': 0}
Sleeping 5m until next run…
Fetching pending contacts from HubSpot…
  Found 0 contact(s) to process.
Writing 0 update(s) to HubSpot…
Run complete: {'processed': 0, 'complete': 0, 'failed': 0, 'skipped': 0}
Sleeping 5m until next run…
Fetching pending contacts from HubSpot…
  Found 0 contact(s) to process.
Writing 0 update(s) to HubSpot…
Run complete: {'processed': 0, 'complete': 0, 'failed': 0, 'skipped': 0}
Sleeping 5m until next run…
Fetching pending contacts from HubSpot…
  Found 0 contact(s) to process.
Writing 0 update(s) to HubSpot…
Run complete: {'processed': 0, 'complete': 0, 'failed': 0, 'skipped': 0}
Sleeping 5m until next run…
Fetching pending contacts from HubSpot…
  Found 0 contact(s) to process.
Writing 0 update(s) to HubSpot…
Run complete: {'processed': 0, 'complete': 0, 'failed': 0, 'skipped': 0}
Sleeping 5m until next run…
Fetching pending contacts from HubSpot…
  Found 0 contact(s) to process.
Writing 0 update(s) to HubSpot…
Run complete: {'processed': 0, 'complete': 0, 'failed': 0, 'skipped': 0}
Sleeping 5m until next run…
Fetching pending contacts from HubSpot…
  Found 0 contact(s) to process.
Writing 0 update(s) to HubSpot…
Run complete: {'processed': 0, 'complete': 0, 'failed': 0, 'skipped': 0}
Sleeping 5m until next run…
Fetching pending contacts from HubSpot…
  Found 0 contact(s) to process.
Writing 0 update(s) to HubSpot…
Run complete: {'processed': 0, 'complete': 0, 'failed': 0, 'skipped': 0}
Sleeping 5m until next run…
Fetching pending contacts from HubSpot…
  Found 0 contact(s) to process.
Writing 0 update(s) to HubSpot…
Run complete: {'processed': 0, 'complete': 0, 'failed': 0, 'skipped': 0}
Sleeping 5m until next run…
Fetching pending contacts from HubSpot…
  Found 0 contact(s) to process.
Writing 0 update(s) to HubSpot…
Run complete: {'processed': 0, 'complete': 0, 'failed': 0, 'skipped': 0}
Sleeping 5m until next run…
Fetching pending contacts from HubSpot…
  Found 0 contact(s) to process.
Writing 0 update(s) to HubSpot…
Run complete: {'processed': 0, 'complete': 0, 'failed': 0, 'skipped': 0}
Sleeping 5m until next run…
Fetching pending contacts from HubSpot…
  Found 0 contact(s) to process.
Writing 0 update(s) to HubSpot…
Run complete: {'processed': 0, 'complete': 0, 'failed': 0, 'skipped': 0}
Sleeping 5m until next run…
Fetching pending contacts from HubSpot…
  Found 0 contact(s) to process.
Writing 0 update(s) to HubSpot…
Run complete: {'processed': 0, 'complete': 0, 'failed': 0, 'skipped': 0}
Sleeping 5m until next run…
Fetching pending contacts from HubSpot…
  Found 0 contact(s) to process.
Writing 0 update(s) to HubSpot…
Run complete: {'processed': 0, 'complete': 0, 'failed': 0, 'skipped': 0}
Sleeping 5m until next run…
Fetching pending contacts from HubSpot…
  Found 0 contact(s) to process.
Writing 0 update(s) to HubSpot…
Run complete: {'processed': 0, 'complete': 0, 'failed': 0, 'skipped': 0}
Sleeping 5m until next run…
Fetching pending contacts from HubSpot…
  Found 0 contact(s) to process.
Writing 0 update(s) to HubSpot…
Run complete: {'processed': 0, 'complete': 0, 'failed': 0, 'skipped': 0}
Sleeping 5m until next run…
Fetching pending contacts from HubSpot…
  Found 0 contact(s) to process.
Writing 0 update(s) to HubSpot…
Run complete: {'processed': 0, 'complete': 0, 'failed': 0, 'skipped': 0}
Sleeping 5m until next run…
Fetching pending contacts from HubSpot…
  Found 0 contact(s) to process.
Writing 0 update(s) to HubSpot…
Run complete: {'processed': 0, 'complete': 0, 'failed': 0, 'skipped': 0}
Sleeping 5m until next run…
Fetching pending contacts from HubSpot…
  Found 0 contact(s) to process.
Writing 0 update(s) to HubSpot…
Run complete: {'processed': 0, 'complete': 0, 'failed': 0, 'skipped': 0}
Sleeping 5m until next run…
Fetching pending contacts from HubSpot…
  Found 0 contact(s) to process.
Writing 0 update(s) to HubSpot…
Run complete: {'processed': 0, 'complete': 0, 'failed': 0, 'skipped': 0}
Sleeping 5m until next run…
Fetching pending contacts from HubSpot…
  Found 0 contact(s) to process.
Writing 0 update(s) to HubSpot…
Run complete: {'processed': 0, 'complete': 0, 'failed': 0, 'skipped': 0}
Sleeping 5m until next run…
Fetching pending contacts from HubSpot…
  Found 0 contact(s) to process.
Writing 0 update(s) to HubSpot…
Run complete: {'processed': 0, 'complete': 0, 'failed': 0, 'skipped': 0}
Sleeping 5m until next run…
Fetching pending contacts from HubSpot…
  Found 0 contact(s) to process.
Writing 0 update(s) to HubSpot…
Run complete: {'processed': 0, 'complete': 0, 'failed': 0, 'skipped': 0}
Sleeping 5m until next run…
Fetching pending contacts from HubSpot…
  Found 0 contact(s) to process.
Writing 0 update(s) to HubSpot…
Run complete: {'processed': 0, 'complete': 0, 'failed': 0, 'skipped': 0}
Sleeping 5m until next run…
Fetching pending contacts from HubSpot…
  Found 0 contact(s) to process.
Writing 0 update(s) to HubSpot…
Run complete: {'processed': 0, 'complete': 0, 'failed': 0, 'skipped': 0}
Sleeping 5m until next run…
Fetching pending contacts from HubSpot…
  Found 0 contact(s) to process.
Writing 0 update(s) to HubSpot…
Run complete: {'processed': 0, 'complete': 0, 'failed': 0, 'skipped': 0}
Sleeping 5m until next run…
Fetching pending contacts from HubSpot…
  Found 0 contact(s) to process.
Writing 0 update(s) to HubSpot…
Run complete: {'processed': 0, 'complete': 0, 'failed': 0, 'skipped': 0}
Sleeping 5m until next run…
Fetching pending contacts from HubSpot…
  Found 0 contact(s) to process.
Writing 0 update(s) to HubSpot…
Run complete: {'processed': 0, 'complete': 0, 'failed': 0, 'skipped': 0}
Sleeping 5m until next run…
Fetching pending contacts from HubSpot…
  Found 0 contact(s) to process.
Writing 0 update(s) to HubSpot…
Run complete: {'processed': 0, 'complete': 0, 'failed': 0, 'skipped': 0}
Sleeping 5m until next run…
Fetching pending contacts from HubSpot…
  Found 0 contact(s) to process.
Writing 0 update(s) to HubSpot…
Run complete: {'processed': 0, 'complete': 0, 'failed': 0, 'skipped': 0}
Sleeping 5m until next run…
Fetching pending contacts from HubSpot…
  Found 0 contact(s) to process.
Writing 0 update(s) to HubSpot…
Run complete: {'processed': 0, 'complete': 0, 'failed': 0, 'skipped': 0}
Sleeping 5m until next run…
Fetching pending contacts from HubSpot…
  Found 0 contact(s) to process.
Writing 0 update(s) to HubSpot…
Run complete: {'processed': 0, 'complete': 0, 'failed': 0, 'skipped': 0}
Sleeping 5m until next run…
Fetching pending contacts from HubSpot…
  Found 0 contact(s) to process.
Writing 0 update(s) to HubSpot…
Run complete: {'processed': 0, 'complete': 0, 'failed': 0, 'skipped': 0}
Sleeping 5m until next run…
Fetching pending contacts from HubSpot…
  Found 0 contact(s) to process.
Writing 0 update(s) to HubSpot…
Run complete: {'processed': 0, 'complete': 0, 'failed': 0, 'skipped': 0}
Sleeping 5m until next run…
Fetching pending contacts from HubSpot…
  Found 0 contact(s) to process.
Writing 0 update(s) to HubSpot…
Run complete: {'processed': 0, 'complete': 0, 'failed': 0, 'skipped': 0}
Sleeping 5m until next run…
